

PRESENCE - Presence/Absence-Site Occupancy data analysis
Tue Feb 24 11:54:00 2015,       Version 8.3_150127
- - - - - - - - - - - - - - - - - - - - - - - - - - - - -
==>i=c:\users\ben\documents\maquipicuna\bayesian\simdata.pao
==>l=pres_1_group__Constant_P.out
==>name=1 group, Constant P
==>model=100
==>j=c:\users\ben\documents\maquipicuna\bayesian\simdata_project\simdata.dm
varcov: nsig=6 eps=1.000000e-002
model=100 N,T-->143,4




********* Input Data summary *******
Number of sites                = 143
Number of sampling occasions   = 4
Number of missing observations = 0
Data checksum = 9353

NSiteCovs-->0
NSampCovs-->0
Primary periods=2 Secondary periods: 3 3
- - - - - - - - - - - - - - - - - - - - - - - - - - - - -
 Workshop-Hummingbird Simulation
- - - - - - - - - - - - - - - - - - - - - - - - - - - - -
N=143 T=4 Groups=1 bootstraps=0

-->"Hummingbird"
Matrix 1: rows=2, cols=2
            -,a1,
psi           1
========================

Matrix 2: rows=5, cols=2
            -,b1,
P[1]          1
P[2]          1
P[3]          1
P[4]          1
========================

Matrix 3: rows=0, cols=0
========================

Matrix 4: rows=0, cols=0
========================

Matrix 5: rows=0, cols=0
========================

Matrix 6: rows=0, cols=0
========================

modtype=1

Custom Model:

Number of parameters           = 2
Number of significant digits   =   5.0

**** Numerical convergence may not have been reached.
     Parameter estimates converged to approximately 
     4.97 significant digits.


Model has been fit using the logistic link.


Number of parameters           = 2
Number of function calls           = 146

**** Numerical convergence may not have been reached.
     Parameter estimates converged to approximately 
     4.97 significant digits.

-2log(likelihood)              = 608.2030
AIC                            = 612.2030
LikeNRSig=6 eps=0.01 ETA=1e-013

Untransformed Estimates of coefficients for covariates (Beta's)
======================================================================
                                          estimate    std.error
A1   psi                              :  26.037588  37386.453637
B1   P[1]                             :   1.243794    0.100323

============================================================

   Individual Site estimates of <psi>
                Site               estimate  Std.err   95% conf. interval
psi             1 "1"             :  1.0000   0.0000     0.0000 -  1.0000

============================================================

   Individual Site estimates of <P[1]>
                Site               estimate  Std.err   95% conf. interval
P[1]            1 "1"             :  0.7762   0.0174     0.7402 -  0.8085
P[2]            1 "1"             :  0.7762   0.0174     0.7402 -  0.8085
P[3]            1 "1"             :  0.7762   0.0174     0.7402 -  0.8085
P[4]            1 "1"             :  0.7762   0.0174     0.7402 -  0.8085

============================================================


 DERIVED parameter - Psi-conditional = [Pr(occ | detection history)]

        Site                     psi-cond  Std.err     95% conf. interval
     1      "1"                    1.0000  0.0000     1.0000 - 1.0000 
     2      "2"                    1.0000  0.0000     1.0000 - 1.0000 
     3      "3"                    1.0000  0.0000     1.0000 - 1.0000 
     4      "4"                    1.0000  0.0000     1.0000 - 1.0000 
     5      "5"                    1.0000  0.0000     1.0000 - 1.0000 
     6      "6"                    1.0000  0.0000     1.0000 - 1.0000 
     7      "7"                    1.0000  0.0000     1.0000 - 1.0000 
     8      "8"                    1.0000  0.0000     1.0000 - 1.0000 
     9      "9"                    1.0000  0.0000     1.0000 - 1.0000 
    10     "10"                    1.0000  0.0000     1.0000 - 1.0000 
    11     "11"                    1.0000  0.0000     1.0000 - 1.0000 
    12     "12"                    1.0000  0.0000     1.0000 - 1.0000 
    13     "13"                    1.0000  0.0000     1.0000 - 1.0000 
    14     "14"                    1.0000  0.0000     1.0000 - 1.0000 
    15     "15"                    1.0000  0.0000     1.0000 - 1.0000 
    16     "16"                    1.0000  0.0000     1.0000 - 1.0000 
    17     "17"                    1.0000  0.0000     1.0000 - 1.0000 
    18     "18"                    1.0000  0.0000     1.0000 - 1.0000 
    19     "19"                    1.0000  0.0000     1.0000 - 1.0000 
    20     "20"                    1.0000  0.0000     1.0000 - 1.0000 
    21     "21"                    1.0000  0.0000     1.0000 - 1.0000 
    22     "22"                    1.0000  0.0000     1.0000 - 1.0000 
    23     "23"                    1.0000  0.0000     1.0000 - 1.0000 
    24     "24"                    1.0000  0.0000     1.0000 - 1.0000 
    25     "25"                    1.0000  0.0000     1.0000 - 1.0000 
    26     "26"                    1.0000  0.0000     1.0000 - 1.0000 
    27     "27"                    1.0000  0.0000     1.0000 - 1.0000 
    28     "28"                    1.0000  0.0000     1.0000 - 1.0000 
    29     "29"                    1.0000  0.0000     1.0000 - 1.0000 
    30     "30"                    1.0000  0.0000     1.0000 - 1.0000 
    31     "31"                    1.0000  0.0000     1.0000 - 1.0000 
    32     "32"                    1.0000  0.0000     1.0000 - 1.0000 
    33     "33"                    1.0000  0.0000     1.0000 - 1.0000 
    34     "34"                    1.0000  0.0000     1.0000 - 1.0000 
    35     "35"                    1.0000  0.0000     1.0000 - 1.0000 
    36     "36"                    1.0000  0.0000     1.0000 - 1.0000 
    37     "37"                    1.0000  0.0000     1.0000 - 1.0000 
    38     "38"                    1.0000  0.0000     1.0000 - 1.0000 
    39     "39"                    1.0000  0.0000     1.0000 - 1.0000 
    40     "40"                    1.0000  0.0000     1.0000 - 1.0000 
    41     "41"                    1.0000  0.0000     1.0000 - 1.0000 
    42     "42"                    1.0000  0.0000     1.0000 - 1.0000 
    43     "43"                    1.0000  0.0000     1.0000 - 1.0000 
    44     "44"                    1.0000  0.0000     1.0000 - 1.0000 
    45     "45"                    1.0000  0.0000     1.0000 - 1.0000 
    46     "46"                    1.0000  0.0000     1.0000 - 1.0000 
    47     "47"                    1.0000  0.0000     1.0000 - 1.0000 
    48     "48"                    1.0000  0.0000     1.0000 - 1.0000 
    49     "49"                    1.0000  0.0000     1.0000 - 1.0000 
    50     "50"                    1.0000  0.0000     1.0000 - 1.0000 
    51     "51"                    1.0000  0.0000     1.0000 - 1.0000 
    52     "52"                    1.0000  0.0000     1.0000 - 1.0000 
    53     "53"                    1.0000  0.0000     1.0000 - 1.0000 
    54     "54"                    1.0000  0.0000     1.0000 - 1.0000 
    55     "55"                    1.0000  0.0000     1.0000 - 1.0000 
    56     "56"                    1.0000  0.0000     1.0000 - 1.0000 
    57     "57"                    1.0000  0.0000     1.0000 - 1.0000 
    58     "58"                    1.0000  0.0000     1.0000 - 1.0000 
    59     "59"                    1.0000  0.0000     1.0000 - 1.0000 
    60     "60"                    1.0000  0.0000     1.0000 - 1.0000 
    61     "61"                    1.0000  0.0000     1.0000 - 1.0000 
    62     "62"                    1.0000  0.0000     1.0000 - 1.0000 
    63     "63"                    1.0000  0.0000     1.0000 - 1.0000 
    64     "64"                    1.0000  0.0000     1.0000 - 1.0000 
    65     "65"                    1.0000  0.0000     1.0000 - 1.0000 
    66     "66"                    1.0000  0.0000     1.0000 - 1.0000 
    67     "67"                    1.0000  0.0000     1.0000 - 1.0000 
    68     "68"                    1.0000  0.0000     1.0000 - 1.0000 
    69     "69"                    1.0000  0.0000     1.0000 - 1.0000 
    70     "70"                    1.0000  0.0000     1.0000 - 1.0000 
    71     "71"                    1.0000  0.0000     1.0000 - 1.0000 
    72     "72"                    1.0000  0.0000     1.0000 - 1.0000 
    73     "73"                    1.0000  0.0000     1.0000 - 1.0000 
    74     "74"                    1.0000  0.0000     1.0000 - 1.0000 
    75     "75"                    1.0000  0.0000     1.0000 - 1.0000 
    76     "76"                    1.0000  0.0000     1.0000 - 1.0000 
    77     "77"                    1.0000  0.0000     1.0000 - 1.0000 
    78     "78"                    1.0000  0.0000     1.0000 - 1.0000 
    79     "79"                    1.0000  0.0000     1.0000 - 1.0000 
    80     "80"                    1.0000  0.0000     1.0000 - 1.0000 
    81     "81"                    1.0000  0.0000     1.0000 - 1.0000 
    82     "82"                    1.0000  0.0000     1.0000 - 1.0000 
    83     "83"                    1.0000  0.0000     1.0000 - 1.0000 
    84     "84"                    1.0000  0.0000     1.0000 - 1.0000 
    85     "85"                    1.0000  0.0000     1.0000 - 1.0000 
    86     "86"                    1.0000  0.0000     1.0000 - 1.0000 
    87     "87"                    1.0000  0.0000     1.0000 - 1.0000 
    88     "88"                    1.0000  0.0000     1.0000 - 1.0000 
    89     "89"                    1.0000  0.0000     1.0000 - 1.0000 
    90     "90"                    1.0000  0.0000     1.0000 - 1.0000 
    91     "91"                    1.0000  0.0000     1.0000 - 1.0000 
    92     "92"                    1.0000  0.0000     1.0000 - 1.0000 
    93     "93"                    1.0000  0.0000     1.0000 - 1.0000 
    94     "94"                    1.0000  0.0000     1.0000 - 1.0000 
    95     "95"                    1.0000  0.0000     1.0000 - 1.0000 
    96     "96"                    1.0000  0.0000     1.0000 - 1.0000 
    97     "97"                    1.0000  0.0000     1.0000 - 1.0000 
    98     "98"                    1.0000  0.0000     1.0000 - 1.0000 
    99     "99"                    1.0000  0.0000     1.0000 - 1.0000 
   100    "100"                    1.0000  0.0000     1.0000 - 1.0000 
   101    "101"                    1.0000  0.0000     1.0000 - 1.0000 
   102    "102"                    1.0000  0.0000     1.0000 - 1.0000 
   103    "103"                    1.0000  0.0000     1.0000 - 1.0000 
   104    "104"                    1.0000  0.0000     1.0000 - 1.0000 
   105    "105"                    1.0000  0.0000     1.0000 - 1.0000 
   106    "106"                    1.0000  0.0000     1.0000 - 1.0000 
   107    "107"                    1.0000  0.0000     1.0000 - 1.0000 
   108    "108"                    1.0000  0.0000     1.0000 - 1.0000 
   109    "109"                    1.0000  0.0000     1.0000 - 1.0000 
   110    "110"                    1.0000  0.0000     1.0000 - 1.0000 
   111    "111"                    1.0000  0.0000     1.0000 - 1.0000 
   112    "112"                    1.0000  0.0000     1.0000 - 1.0000 
   113    "113"                    1.0000  0.0000     1.0000 - 1.0000 
   114    "114"                    1.0000  0.0000     1.0000 - 1.0000 
   115    "115"                    1.0000  0.0000     1.0000 - 1.0000 
   116    "116"                    1.0000  0.0000     1.0000 - 1.0000 
   117    "117"                    1.0000  0.0000     1.0000 - 1.0000 
   118    "118"                    1.0000  0.0000     1.0000 - 1.0000 
   119    "119"                    1.0000  0.0000     1.0000 - 1.0000 
   120    "120"                    1.0000  0.0000     1.0000 - 1.0000 
   121    "121"                    1.0000  0.0000     1.0000 - 1.0000 
   122    "122"                    1.0000  0.0000     1.0000 - 1.0000 
   123    "123"                    1.0000  0.0000     1.0000 - 1.0000 
   124    "124"                    1.0000  0.0000     1.0000 - 1.0000 
   125    "125"                    1.0000  0.0000     1.0000 - 1.0000 
   126    "126"                    1.0000  0.0000     1.0000 - 1.0000 
   127    "127"                    1.0000  0.0000     1.0000 - 1.0000 
   128    "128"                    1.0000  0.0000     1.0000 - 1.0000 
   129    "129"                    1.0000  0.0000     1.0000 - 1.0000 
   130    "130"                    1.0000  0.0000     1.0000 - 1.0000 
   131    "131"                    1.0000  0.0000     1.0000 - 1.0000 
   132    "132"                    1.0000  0.0000     1.0000 - 1.0000 
   133    "133"                    1.0000  0.0000     1.0000 - 1.0000 
   134    "134"                    1.0000  0.0000     1.0000 - 1.0000 
   135    "135"                    1.0000  0.0000     1.0000 - 1.0000 
   136    "136"                    1.0000  0.0000     1.0000 - 1.0000 
   137    "137"                    1.0000  0.0000     1.0000 - 1.0000 
   138    "138"                    1.0000  0.0000     1.0000 - 1.0000 
   139    "139"                    1.0000  0.0000     1.0000 - 1.0000 
   140    "140"                    1.0000  0.0000     1.0000 - 1.0000 
   141    "141"                    1.0000  0.0000     1.0000 - 1.0000 
   142    "142"                    1.0000  0.0000     1.0000 - 1.0000 
   143    "143"                    1.0000  0.0000     1.0000 - 1.0000 

CPU time= 0 seconds (0.00 min)

